<?xml version="1.0" encoding="UTF-8"?>
<!-- Generated by org.testng.reporters.JUnitXMLReporter -->
<testsuite ignored="0" hostname="DESKTOP-D355SUJ" failures="0" tests="4" name="Default test" time="86.342" errors="0" timestamp="2023-05-13T12:01:43 BDT">
  <testcase classname="MainDemo2" name="runOnCrome" time="21.745"/>
  <testcase classname="MainDemo2" name="runOnCrome" time="3.783"/>
  <testcase classname="MainDemo2" name="runOnCrome" time="3.494"/>
  <testcase classname="MainDemo2" name="runOnCrome" time="8.553"/>
</testsuite> <!-- Default test -->
