<?xml version="1.0" encoding="UTF-8"?>
<testng-results ignored="0" total="4" passed="4" failed="0" skipped="0">
  <reporter-output>
  </reporter-output>
  <suite started-at="2023-05-13T12:00:16 BDT" name="Default suite" finished-at="2023-05-13T12:01:43 BDT" duration-ms="86342">
    <groups>
    </groups>
    <test started-at="2023-05-13T12:00:16 BDT" name="Default test" finished-at="2023-05-13T12:01:43 BDT" duration-ms="86342">
      <class name="MainDemo2">
        <test-method is-config="true" signature="setpu()[pri:0, instance:MainDemo2@f5ac9e4]" started-at="2023-05-13T12:00:16 BDT" name="setpu" finished-at="2023-05-13T12:00:38 BDT" duration-ms="21122" status="PASS">
          <reporter-output>
          </reporter-output>
        </test-method> <!-- setpu -->
        <test-method signature="runOnCrome(java.lang.String,java.lang.String)[pri:0, instance:MainDemo2@f5ac9e4]" started-at="2023-05-13T12:00:38 BDT" name="runOnCrome" data-provider="user-data" finished-at="2023-05-13T12:00:59 BDT" duration-ms="21745" status="PASS">
          <params>
            <param index="0">
              <value>
                <![CDATA[standard_user]]>
              </value>
            </param>
            <param index="1">
              <value>
                <![CDATA[secret_sauce]]>
              </value>
            </param>
          </params>
          <reporter-output>
          </reporter-output>
        </test-method> <!-- runOnCrome -->
        <test-method is-config="true" signature="closing()[pri:0, instance:MainDemo2@f5ac9e4]" started-at="2023-05-13T12:00:59 BDT" name="closing" finished-at="2023-05-13T12:01:03 BDT" duration-ms="3874" status="PASS">
          <reporter-output>
          </reporter-output>
        </test-method> <!-- closing -->
        <test-method is-config="true" signature="setpu()[pri:0, instance:MainDemo2@f5ac9e4]" started-at="2023-05-13T12:01:03 BDT" name="setpu" finished-at="2023-05-13T12:01:18 BDT" duration-ms="14526" status="PASS">
          <reporter-output>
          </reporter-output>
        </test-method> <!-- setpu -->
        <test-method signature="runOnCrome(java.lang.String,java.lang.String)[pri:0, instance:MainDemo2@f5ac9e4]" started-at="2023-05-13T12:01:18 BDT" name="runOnCrome" data-provider="user-data" finished-at="2023-05-13T12:01:22 BDT" duration-ms="3783" status="PASS">
          <params>
            <param index="0">
              <value>
                <![CDATA[locked_out_user]]>
              </value>
            </param>
            <param index="1">
              <value>
                <![CDATA[secret_sauce]]>
              </value>
            </param>
          </params>
          <reporter-output>
          </reporter-output>
        </test-method> <!-- runOnCrome -->
        <test-method is-config="true" signature="closing()[pri:0, instance:MainDemo2@f5ac9e4]" started-at="2023-05-13T12:01:22 BDT" name="closing" finished-at="2023-05-13T12:01:22 BDT" duration-ms="584" status="PASS">
          <reporter-output>
          </reporter-output>
        </test-method> <!-- closing -->
        <test-method is-config="true" signature="setpu()[pri:0, instance:MainDemo2@f5ac9e4]" started-at="2023-05-13T12:01:22 BDT" name="setpu" finished-at="2023-05-13T12:01:26 BDT" duration-ms="3713" status="PASS">
          <reporter-output>
          </reporter-output>
        </test-method> <!-- setpu -->
        <test-method signature="runOnCrome(java.lang.String,java.lang.String)[pri:0, instance:MainDemo2@f5ac9e4]" started-at="2023-05-13T12:01:26 BDT" name="runOnCrome" data-provider="user-data" finished-at="2023-05-13T12:01:29 BDT" duration-ms="3494" status="PASS">
          <params>
            <param index="0">
              <value>
                <![CDATA[problem_user]]>
              </value>
            </param>
            <param index="1">
              <value>
                <![CDATA[secret_sauce]]>
              </value>
            </param>
          </params>
          <reporter-output>
          </reporter-output>
        </test-method> <!-- runOnCrome -->
        <test-method is-config="true" signature="closing()[pri:0, instance:MainDemo2@f5ac9e4]" started-at="2023-05-13T12:01:29 BDT" name="closing" finished-at="2023-05-13T12:01:30 BDT" duration-ms="407" status="PASS">
          <reporter-output>
          </reporter-output>
        </test-method> <!-- closing -->
        <test-method is-config="true" signature="setpu()[pri:0, instance:MainDemo2@f5ac9e4]" started-at="2023-05-13T12:01:30 BDT" name="setpu" finished-at="2023-05-13T12:01:34 BDT" duration-ms="3851" status="PASS">
          <reporter-output>
          </reporter-output>
        </test-method> <!-- setpu -->
        <test-method signature="runOnCrome(java.lang.String,java.lang.String)[pri:0, instance:MainDemo2@f5ac9e4]" started-at="2023-05-13T12:01:34 BDT" name="runOnCrome" data-provider="user-data" finished-at="2023-05-13T12:01:42 BDT" duration-ms="8553" status="PASS">
          <params>
            <param index="0">
              <value>
                <![CDATA[performance_glitch_user]]>
              </value>
            </param>
            <param index="1">
              <value>
                <![CDATA[secret_sauce]]>
              </value>
            </param>
          </params>
          <reporter-output>
          </reporter-output>
        </test-method> <!-- runOnCrome -->
        <test-method is-config="true" signature="closing()[pri:0, instance:MainDemo2@f5ac9e4]" started-at="2023-05-13T12:01:42 BDT" name="closing" finished-at="2023-05-13T12:01:43 BDT" duration-ms="531" status="PASS">
          <reporter-output>
          </reporter-output>
        </test-method> <!-- closing -->
      </class> <!-- MainDemo2 -->
    </test> <!-- Default test -->
  </suite> <!-- Default suite -->
</testng-results>
